[    15.472] (--) Log file renamed from "/home/leo/.local/share/xorg/Xorg.pid-1743.log" to "/home/leo/.local/share/xorg/Xorg.0.log"
[    15.472] 
X.Org X Server 1.20.8
X Protocol Version 11, Revision 0
[    15.472] Build Operating System: Linux 4.4.0-179-generic x86_64 Ubuntu
[    15.472] Current Operating System: Linux leo-X550VX 5.3.0-62-generic #56~18.04.1-Ubuntu SMP Wed Jun 24 16:17:03 UTC 2020 x86_64
[    15.472] Kernel command line: BOOT_IMAGE=/boot/vmlinuz-5.3.0-62-generic root=UUID=13c34ee3-f355-4201-8cc6-f2764fb374af ro quiet splash vt.handoff=1
[    15.472] Build Date: 14 May 2020  07:05:06PM
[    15.472] xorg-server-hwe-18.04 2:1.20.8-2ubuntu2.1~18.04.1 (For technical support please see http://www.ubuntu.com/support) 
[    15.472] Current version of pixman: 0.34.0
[    15.472] 	Before reporting problems, check http://wiki.x.org
	to make sure that you have the latest version.
[    15.472] Markers: (--) probed, (**) from config file, (==) default setting,
	(++) from command line, (!!) notice, (II) informational,
	(WW) warning, (EE) error, (NI) not implemented, (??) unknown.
[    15.473] (==) Log file: "/home/leo/.local/share/xorg/Xorg.0.log", Time: Fri Jul 17 08:50:36 2020
[    15.473] (==) Using system config directory "/usr/share/X11/xorg.conf.d"
[    15.473] (==) No Layout section.  Using the first Screen section.
[    15.473] (==) No screen section available. Using defaults.
[    15.473] (**) |-->Screen "Default Screen Section" (0)
[    15.473] (**) |   |-->Monitor "<default monitor>"
[    15.473] (==) No monitor specified for screen "Default Screen Section".
	Using a default monitor configuration.
[    15.473] (==) Automatically adding devices
[    15.473] (==) Automatically enabling devices
[    15.473] (==) Automatically adding GPU devices
[    15.473] (==) Automatically binding GPU devices
[    15.473] (==) Max clients allowed: 256, resource mask: 0x1fffff
[    15.473] (WW) The directory "/usr/share/fonts/X11/cyrillic" does not exist.
[    15.473] 	Entry deleted from font path.
[    15.473] (WW) The directory "/usr/share/fonts/X11/100dpi/" does not exist.
[    15.473] 	Entry deleted from font path.
[    15.473] (WW) The directory "/usr/share/fonts/X11/75dpi/" does not exist.
[    15.474] 	Entry deleted from font path.
[    15.474] (WW) The directory "/usr/share/fonts/X11/100dpi" does not exist.
[    15.474] 	Entry deleted from font path.
[    15.474] (WW) The directory "/usr/share/fonts/X11/75dpi" does not exist.
[    15.474] 	Entry deleted from font path.
[    15.474] (==) FontPath set to:
	/usr/share/fonts/X11/misc,
	/usr/share/fonts/X11/Type1,
	built-ins
[    15.474] (==) ModulePath set to "/usr/lib/xorg/modules"
[    15.474] (II) The server relies on udev to provide the list of input devices.
	If no devices become available, reconfigure udev or disable AutoAddDevices.
[    15.474] (II) Loader magic: 0x556d71eae020
[    15.474] (II) Module ABI versions:
[    15.474] 	X.Org ANSI C Emulation: 0.4
[    15.474] 	X.Org Video Driver: 24.1
[    15.474] 	X.Org XInput driver : 24.1
[    15.474] 	X.Org Server Extension : 10.0
[    15.475] (++) using VT number 2

[    15.480] (II) systemd-logind: took control of session /org/freedesktop/login1/session/_32
[    15.481] (II) xfree86: Adding drm device (/dev/dri/card1)
[    15.481] (II) systemd-logind: got fd for /dev/dri/card1 226:1 fd 12 paused 0
[    15.481] (II) xfree86: Adding drm device (/dev/dri/card0)
[    15.482] (II) systemd-logind: got fd for /dev/dri/card0 226:0 fd 13 paused 0
[    15.484] (--) PCI:*(0@0:2:0) 8086:191b:1043:1130 rev 6, Mem @ 0xdd000000/16777216, 0xb0000000/268435456, I/O @ 0x0000f000/64, BIOS @ 0x????????/131072
[    15.484] (--) PCI: (1@0:0:0) 10de:139a:1043:1130 rev 162, Mem @ 0xde000000/16777216, 0xc0000000/268435456, 0xd0000000/33554432, I/O @ 0x0000e000/128, BIOS @ 0x????????/524288
[    15.484] (II) LoadModule: "glx"
[    15.484] (II) Loading /usr/lib/xorg/modules/extensions/libglx.so
[    15.485] (II) Module glx: vendor="X.Org Foundation"
[    15.485] 	compiled for 1.20.8, module version = 1.0.0
[    15.485] 	ABI class: X.Org Server Extension, version 10.0
[    15.544] (==) Matched modesetting as autoconfigured driver 0
[    15.544] (==) Matched fbdev as autoconfigured driver 1
[    15.544] (==) Matched vesa as autoconfigured driver 2
[    15.544] (==) Assigned the driver to the xf86ConfigLayout
[    15.544] (II) LoadModule: "modesetting"
[    15.544] (II) Loading /usr/lib/xorg/modules/drivers/modesetting_drv.so
[    15.544] (II) Module modesetting: vendor="X.Org Foundation"
[    15.544] 	compiled for 1.20.8, module version = 1.20.8
[    15.544] 	Module class: X.Org Video Driver
[    15.544] 	ABI class: X.Org Video Driver, version 24.1
[    15.544] (II) LoadModule: "fbdev"
[    15.544] (II) Loading /usr/lib/xorg/modules/drivers/fbdev_drv.so
[    15.544] (II) Module fbdev: vendor="X.Org Foundation"
[    15.544] 	compiled for 1.20.1, module version = 0.5.0
[    15.544] 	Module class: X.Org Video Driver
[    15.544] 	ABI class: X.Org Video Driver, version 24.0
[    15.544] (II) LoadModule: "vesa"
[    15.544] (II) Loading /usr/lib/xorg/modules/drivers/vesa_drv.so
[    15.544] (II) Module vesa: vendor="X.Org Foundation"
[    15.544] 	compiled for 1.20.1, module version = 2.4.0
[    15.544] 	Module class: X.Org Video Driver
[    15.544] 	ABI class: X.Org Video Driver, version 24.0
[    15.544] (II) modesetting: Driver for Modesetting Kernel Drivers: kms
[    15.544] (II) FBDEV: driver for framebuffer: fbdev
[    15.544] (II) VESA: driver for VESA chipsets: vesa
[    15.544] xf86EnableIOPorts: failed to set IOPL for I/O (Operation not permitted)
[    15.544] (II) modeset(0): using drv /dev/dri/card0
[    15.544] (WW) Falling back to old probe method for fbdev
[    15.544] (II) Loading sub module "fbdevhw"
[    15.544] (II) LoadModule: "fbdevhw"
[    15.544] (II) Loading /usr/lib/xorg/modules/libfbdevhw.so
[    15.544] (II) Module fbdevhw: vendor="X.Org Foundation"
[    15.544] 	compiled for 1.20.8, module version = 0.0.2
[    15.544] 	ABI class: X.Org Video Driver, version 24.1
[    15.544] (EE) open /dev/fb0: Permission denied
[    15.544] (II) modeset(G0): using drv /dev/dri/card1
[    15.544] (WW) VGA arbiter: cannot open kernel arbiter, no multi-card support
[    15.544] (II) modeset(0): Creating default Display subsection in Screen section
	"Default Screen Section" for depth/fbbpp 24/32
[    15.544] (==) modeset(0): Depth 24, (==) framebuffer bpp 32
[    15.544] (==) modeset(0): RGB weight 888
[    15.544] (==) modeset(0): Default visual is TrueColor
[    15.544] (II) Loading sub module "glamoregl"
[    15.544] (II) LoadModule: "glamoregl"
[    15.544] (II) Loading /usr/lib/xorg/modules/libglamoregl.so
[    15.547] (II) Module glamoregl: vendor="X.Org Foundation"
[    15.547] 	compiled for 1.20.8, module version = 1.0.1
[    15.547] 	ABI class: X.Org ANSI C Emulation, version 0.4
[    15.561] (II) modeset(0): glamor X acceleration enabled on Mesa DRI Intel(R) HD Graphics 530 (SKL GT2)
[    15.561] (II) modeset(0): glamor initialized
[    15.564] (II) modeset(0): Output eDP-1 has no monitor section
[    15.568] (II) modeset(0): Output HDMI-1 has no monitor section
[    15.568] (II) modeset(0): Output DP-1 has no monitor section
[    15.571] (II) modeset(0): EDID for output eDP-1
[    15.571] (II) modeset(0): Manufacturer: BOE  Model: 69c  Serial#: 0
[    15.571] (II) modeset(0): Year: 2015  Week: 1
[    15.571] (II) modeset(0): EDID Version: 1.4
[    15.571] (II) modeset(0): Digital Display Input
[    15.571] (II) modeset(0): 6 bits per channel
[    15.571] (II) modeset(0): Digital interface is DisplayPort
[    15.571] (II) modeset(0): Max Image Size [cm]: horiz.: 34  vert.: 19
[    15.571] (II) modeset(0): Gamma: 2.20
[    15.571] (II) modeset(0): No DPMS capabilities specified
[    15.571] (II) modeset(0): Supported color encodings: RGB 4:4:4 
[    15.571] (II) modeset(0): First detailed timing is preferred mode
[    15.571] (II) modeset(0): Preferred mode is native pixel format and refresh rate
[    15.571] (II) modeset(0): redX: 0.592 redY: 0.347   greenX: 0.328 greenY: 0.570
[    15.571] (II) modeset(0): blueX: 0.150 blueY: 0.114   whiteX: 0.312 whiteY: 0.328
[    15.571] (II) modeset(0): Manufacturer's mask: 0
[    15.571] (II) modeset(0): Supported detailed timing:
[    15.571] (II) modeset(0): clock: 141.4 MHz   Image Size:  344 x 193 mm
[    15.571] (II) modeset(0): h_active: 1920  h_sync: 1968  h_sync_end 2000 h_blank_end 2142 h_border: 0
[    15.571] (II) modeset(0): v_active: 1080  v_sync: 1083  v_sync_end 1089 v_blanking: 1100 v_border: 0
[    15.571] (II) modeset(0):  BOE CQ
[    15.571] (II) modeset(0):  NT156FHM-N41
[    15.571] (II) modeset(0): EDID (in hex):
[    15.571] (II) modeset(0): 	00ffffffffffff0009e59c0600000000
[    15.571] (II) modeset(0): 	011901049522137802b0909758549226
[    15.571] (II) modeset(0): 	1d505400000001010101010101010101
[    15.571] (II) modeset(0): 	0101010101013c3780de703814403020
[    15.571] (II) modeset(0): 	360058c11000001a0000000000000000
[    15.571] (II) modeset(0): 	00000000000000000000000000fe0042
[    15.571] (II) modeset(0): 	4f452043510a202020202020000000fe
[    15.571] (II) modeset(0): 	004e5431353646484d2d4e34310a001e
[    15.571] (II) modeset(0): Printing probed modes for output eDP-1
[    15.571] (II) modeset(0): Modeline "1920x1080"x60.0  141.40  1920 1968 2000 2142  1080 1083 1089 1100 +hsync -vsync (66.0 kHz eP)
[    15.571] (II) modeset(0): Modeline "1920x1080"x120.0  356.38  1920 2080 2288 2656  1080 1081 1084 1118 doublescan -hsync +vsync (134.2 kHz d)
[    15.572] (II) modeset(0): Modeline "1920x1080"x119.9  266.50  1920 1944 1960 2000  1080 1081 1084 1111 doublescan +hsync -vsync (133.2 kHz d)
[    15.572] (II) modeset(0): Modeline "1920x1080"x60.0  173.00  1920 2048 2248 2576  1080 1083 1088 1120 -hsync +vsync (67.2 kHz d)
[    15.572] (II) modeset(0): Modeline "1920x1080"x59.9  138.50  1920 1968 2000 2080  1080 1083 1088 1111 +hsync -vsync (66.6 kHz d)
[    15.572] (II) modeset(0): Modeline "1680x1050"x60.0  146.25  1680 1784 1960 2240  1050 1053 1059 1089 -hsync +vsync (65.3 kHz d)
[    15.572] (II) modeset(0): Modeline "1680x1050"x59.9  119.00  1680 1728 1760 1840  1050 1053 1059 1080 +hsync -vsync (64.7 kHz d)
[    15.572] (II) modeset(0): Modeline "1600x1024"x60.2  103.12  1600 1600 1656 1664  1024 1024 1029 1030 +hsync +vsync (62.0 kHz d)
[    15.572] (II) modeset(0): Modeline "1400x1050"x60.0  122.00  1400 1488 1640 1880  1050 1052 1064 1082 +hsync +vsync (64.9 kHz d)
[    15.572] (II) modeset(0): Modeline "1600x900"x120.0  246.00  1600 1728 1900 2200  900 901 904 932 doublescan -hsync +vsync (111.8 kHz d)
[    15.572] (II) modeset(0): Modeline "1600x900"x119.9  186.50  1600 1624 1640 1680  900 901 904 926 doublescan +hsync -vsync (111.0 kHz d)
[    15.572] (II) modeset(0): Modeline "1600x900"x59.9  118.25  1600 1696 1856 2112  900 903 908 934 -hsync +vsync (56.0 kHz d)
[    15.572] (II) modeset(0): Modeline "1600x900"x59.8   97.50  1600 1648 1680 1760  900 903 908 926 +hsync -vsync (55.4 kHz d)
[    15.572] (II) modeset(0): Modeline "1280x1024"x60.0  108.00  1280 1328 1440 1688  1024 1025 1028 1066 +hsync +vsync (64.0 kHz d)
[    15.572] (II) modeset(0): Modeline "1440x900"x59.9  106.50  1440 1520 1672 1904  900 903 909 934 -hsync +vsync (55.9 kHz d)
[    15.572] (II) modeset(0): Modeline "1400x900"x60.0  103.50  1400 1480 1624 1848  900 903 913 934 -hsync +vsync (56.0 kHz d)
[    15.572] (II) modeset(0): Modeline "1400x900"x59.9   86.50  1400 1448 1480 1560  900 903 913 926 +hsync -vsync (55.4 kHz d)
[    15.572] (II) modeset(0): Modeline "1280x960"x60.0  108.00  1280 1376 1488 1800  960 961 964 1000 +hsync +vsync (60.0 kHz d)
[    15.572] (II) modeset(0): Modeline "1440x810"x120.0  198.12  1440 1548 1704 1968  810 811 814 839 doublescan -hsync +vsync (100.7 kHz d)
[    15.572] (II) modeset(0): Modeline "1440x810"x119.9  151.88  1440 1464 1480 1520  810 811 814 833 doublescan +hsync -vsync (99.9 kHz d)
[    15.572] (II) modeset(0): Modeline "1368x768"x59.9   85.25  1368 1440 1576 1784  768 771 781 798 -hsync +vsync (47.8 kHz d)
[    15.572] (II) modeset(0): Modeline "1368x768"x59.9   72.25  1368 1416 1448 1528  768 771 781 790 +hsync -vsync (47.3 kHz d)
[    15.572] (II) modeset(0): Modeline "1360x768"x59.8   84.75  1360 1432 1568 1776  768 771 781 798 -hsync +vsync (47.7 kHz d)
[    15.572] (II) modeset(0): Modeline "1360x768"x60.0   72.00  1360 1408 1440 1520  768 771 781 790 +hsync -vsync (47.4 kHz d)
[    15.572] (II) modeset(0): Modeline "1280x800"x120.0  174.25  1280 1380 1516 1752  800 801 804 829 doublescan -hsync +vsync (99.5 kHz d)
[    15.572] (II) modeset(0): Modeline "1280x800"x119.9  134.25  1280 1304 1320 1360  800 801 804 823 doublescan +hsync -vsync (98.7 kHz d)
[    15.572] (II) modeset(0): Modeline "1280x800"x59.8   83.50  1280 1352 1480 1680  800 803 809 831 -hsync +vsync (49.7 kHz d)
[    15.572] (II) modeset(0): Modeline "1280x800"x59.9   71.00  1280 1328 1360 1440  800 803 809 823 +hsync -vsync (49.3 kHz d)
[    15.572] (II) modeset(0): Modeline "1152x864"x60.0   81.62  1152 1216 1336 1520  864 865 868 895 -hsync +vsync (53.7 kHz d)
[    15.572] (II) modeset(0): Modeline "1280x720"x120.0  156.12  1280 1376 1512 1744  720 721 724 746 doublescan -hsync +vsync (89.5 kHz d)
[    15.572] (II) modeset(0): Modeline "1280x720"x120.0  120.75  1280 1304 1320 1360  720 721 724 740 doublescan +hsync -vsync (88.8 kHz d)
[    15.572] (II) modeset(0): Modeline "1280x720"x59.9   74.50  1280 1344 1472 1664  720 723 728 748 -hsync +vsync (44.8 kHz d)
[    15.572] (II) modeset(0): Modeline "1280x720"x59.7   63.75  1280 1328 1360 1440  720 723 728 741 +hsync -vsync (44.3 kHz d)
[    15.572] (II) modeset(0): Modeline "1024x768"x120.1  133.47  1024 1100 1212 1400  768 768 770 794 doublescan -hsync +vsync (95.3 kHz d)
[    15.572] (II) modeset(0): Modeline "1024x768"x60.0   65.00  1024 1048 1184 1344  768 771 777 806 -hsync -vsync (48.4 kHz d)
[    15.572] (II) modeset(0): Modeline "960x720"x120.0  117.00  960 1024 1128 1300  720 720 722 750 doublescan -hsync +vsync (90.0 kHz d)
[    15.572] (II) modeset(0): Modeline "928x696"x120.1  109.15  928 976 1088 1264  696 696 698 719 doublescan -hsync +vsync (86.4 kHz d)
[    15.572] (II) modeset(0): Modeline "896x672"x120.0  102.40  896 960 1060 1224  672 672 674 697 doublescan -hsync +vsync (83.7 kHz d)
[    15.572] (II) modeset(0): Modeline "1024x576"x119.9   98.50  1024 1092 1200 1376  576 577 580 597 doublescan -hsync +vsync (71.6 kHz d)
[    15.572] (II) modeset(0): Modeline "1024x576"x119.9   78.38  1024 1048 1064 1104  576 577 580 592 doublescan +hsync -vsync (71.0 kHz d)
[    15.572] (II) modeset(0): Modeline "1024x576"x59.9   46.50  1024 1064 1160 1296  576 579 584 599 -hsync +vsync (35.9 kHz d)
[    15.572] (II) modeset(0): Modeline "1024x576"x59.8   42.00  1024 1072 1104 1184  576 579 584 593 +hsync -vsync (35.5 kHz d)
[    15.572] (II) modeset(0): Modeline "960x600"x119.9   96.62  960 1028 1128 1296  600 601 604 622 doublescan -hsync +vsync (74.6 kHz d)
[    15.572] (II) modeset(0): Modeline "960x600"x120.0   77.00  960 984 1000 1040  600 601 604 617 doublescan +hsync -vsync (74.0 kHz d)
[    15.572] (II) modeset(0): Modeline "960x540"x119.9   86.50  960 1024 1124 1288  540 541 544 560 doublescan -hsync +vsync (67.2 kHz d)
[    15.572] (II) modeset(0): Modeline "960x540"x120.0   69.25  960 984 1000 1040  540 541 544 555 doublescan +hsync -vsync (66.6 kHz d)
[    15.572] (II) modeset(0): Modeline "960x540"x59.6   40.75  960 992 1088 1216  540 543 548 562 -hsync +vsync (33.5 kHz d)
[    15.572] (II) modeset(0): Modeline "960x540"x59.8   37.25  960 1008 1040 1120  540 543 548 556 +hsync -vsync (33.3 kHz d)
[    15.572] (II) modeset(0): Modeline "800x600"x120.0   81.00  800 832 928 1080  600 600 602 625 doublescan +hsync +vsync (75.0 kHz d)
[    15.572] (II) modeset(0): Modeline "800x600"x60.3   40.00  800 840 968 1056  600 601 605 628 +hsync +vsync (37.9 kHz d)
[    15.572] (II) modeset(0): Modeline "800x600"x56.2   36.00  800 824 896 1024  600 601 603 625 +hsync +vsync (35.2 kHz d)
[    15.572] (II) modeset(0): Modeline "840x525"x120.0   73.12  840 892 980 1120  525 526 529 544 doublescan -hsync +vsync (65.3 kHz d)
[    15.572] (II) modeset(0): Modeline "840x525"x119.8   59.50  840 864 880 920  525 526 529 540 doublescan +hsync -vsync (64.7 kHz d)
[    15.572] (II) modeset(0): Modeline "864x486"x59.9   32.50  864 888 968 1072  486 489 494 506 -hsync +vsync (30.3 kHz d)
[    15.572] (II) modeset(0): Modeline "864x486"x59.6   30.50  864 912 944 1024  486 489 494 500 +hsync -vsync (29.8 kHz d)
[    15.572] (II) modeset(0): Modeline "800x512"x120.3   51.56  800 800 828 832  512 512 514 515 doublescan +hsync +vsync (62.0 kHz d)
[    15.572] (II) modeset(0): Modeline "700x525"x120.0   61.00  700 744 820 940  525 526 532 541 doublescan +hsync +vsync (64.9 kHz d)
[    15.572] (II) modeset(0): Modeline "800x450"x119.9   59.12  800 848 928 1056  450 451 454 467 doublescan -hsync +vsync (56.0 kHz d)
[    15.572] (II) modeset(0): Modeline "800x450"x119.6   48.75  800 824 840 880  450 451 454 463 doublescan +hsync -vsync (55.4 kHz d)
[    15.572] (II) modeset(0): Modeline "640x512"x120.0   54.00  640 664 720 844  512 512 514 533 doublescan +hsync +vsync (64.0 kHz d)
[    15.572] (II) modeset(0): Modeline "720x450"x119.8   53.25  720 760 836 952  450 451 454 467 doublescan -hsync +vsync (55.9 kHz d)
[    15.572] (II) modeset(0): Modeline "700x450"x119.9   51.75  700 740 812 924  450 451 456 467 doublescan -hsync +vsync (56.0 kHz d)
[    15.572] (II) modeset(0): Modeline "700x450"x119.8   43.25  700 724 740 780  450 451 456 463 doublescan +hsync -vsync (55.4 kHz d)
[    15.572] (II) modeset(0): Modeline "640x480"x120.0   54.00  640 688 744 900  480 480 482 500 doublescan +hsync +vsync (60.0 kHz d)
[    15.572] (II) modeset(0): Modeline "640x480"x59.9   25.18  640 656 752 800  480 490 492 525 -hsync -vsync (31.5 kHz d)
[    15.572] (II) modeset(0): Modeline "720x405"x59.5   22.50  720 744 808 896  405 408 413 422 -hsync +vsync (25.1 kHz d)
[    15.572] (II) modeset(0): Modeline "720x405"x59.0   21.75  720 768 800 880  405 408 413 419 +hsync -vsync (24.7 kHz d)
[    15.572] (II) modeset(0): Modeline "684x384"x119.8   42.62  684 720 788 892  384 385 390 399 doublescan -hsync +vsync (47.8 kHz d)
[    15.572] (II) modeset(0): Modeline "684x384"x119.7   36.12  684 708 724 764  384 385 390 395 doublescan +hsync -vsync (47.3 kHz d)
[    15.572] (II) modeset(0): Modeline "680x384"x119.6   42.38  680 716 784 888  384 385 390 399 doublescan -hsync +vsync (47.7 kHz d)
[    15.572] (II) modeset(0): Modeline "680x384"x119.9   36.00  680 704 720 760  384 385 390 395 doublescan +hsync -vsync (47.4 kHz d)
[    15.572] (II) modeset(0): Modeline "640x400"x119.8   41.75  640 676 740 840  400 401 404 415 doublescan -hsync +vsync (49.7 kHz d)
[    15.572] (II) modeset(0): Modeline "640x400"x120.0   35.50  640 664 680 720  400 401 404 411 doublescan +hsync -vsync (49.3 kHz d)
[    15.572] (II) modeset(0): Modeline "576x432"x120.1   40.81  576 608 668 760  432 432 434 447 doublescan -hsync +vsync (53.7 kHz d)
[    15.572] (II) modeset(0): Modeline "640x360"x119.7   37.25  640 672 736 832  360 361 364 374 doublescan -hsync +vsync (44.8 kHz d)
[    15.572] (II) modeset(0): Modeline "640x360"x119.7   31.88  640 664 680 720  360 361 364 370 doublescan +hsync -vsync (44.3 kHz d)
[    15.572] (II) modeset(0): Modeline "640x360"x59.8   18.00  640 664 720 800  360 363 368 376 -hsync +vsync (22.5 kHz d)
[    15.572] (II) modeset(0): Modeline "640x360"x59.3   17.75  640 688 720 800  360 363 368 374 +hsync -vsync (22.2 kHz d)
[    15.572] (II) modeset(0): Modeline "512x384"x120.0   32.50  512 524 592 672  384 385 388 403 doublescan -hsync -vsync (48.4 kHz d)
[    15.572] (II) modeset(0): Modeline "512x288"x120.0   23.25  512 532 580 648  288 289 292 299 doublescan -hsync +vsync (35.9 kHz d)
[    15.572] (II) modeset(0): Modeline "512x288"x119.8   21.00  512 536 552 592  288 289 292 296 doublescan +hsync -vsync (35.5 kHz d)
[    15.572] (II) modeset(0): Modeline "480x270"x119.3   20.38  480 496 544 608  270 271 274 281 doublescan -hsync +vsync (33.5 kHz d)
[    15.572] (II) modeset(0): Modeline "480x270"x119.6   18.62  480 504 520 560  270 271 274 278 doublescan +hsync -vsync (33.3 kHz d)
[    15.572] (II) modeset(0): Modeline "400x300"x120.6   20.00  400 420 484 528  300 300 302 314 doublescan +hsync +vsync (37.9 kHz d)
[    15.572] (II) modeset(0): Modeline "400x300"x112.7   18.00  400 412 448 512  300 300 301 312 doublescan +hsync +vsync (35.2 kHz d)
[    15.572] (II) modeset(0): Modeline "432x243"x119.8   16.25  432 444 484 536  243 244 247 253 doublescan -hsync +vsync (30.3 kHz d)
[    15.572] (II) modeset(0): Modeline "432x243"x119.1   15.25  432 456 472 512  243 244 247 250 doublescan +hsync -vsync (29.8 kHz d)
[    15.572] (II) modeset(0): Modeline "320x240"x120.1   12.59  320 328 376 400  240 245 246 262 doublescan -hsync -vsync (31.5 kHz d)
[    15.572] (II) modeset(0): Modeline "360x202"x119.0   11.25  360 372 404 448  202 204 206 211 doublescan -hsync +vsync (25.1 kHz d)
[    15.572] (II) modeset(0): Modeline "360x202"x118.3   10.88  360 384 400 440  202 204 206 209 doublescan +hsync -vsync (24.7 kHz d)
[    15.572] (II) modeset(0): Modeline "320x180"x119.7    9.00  320 332 360 400  180 181 184 188 doublescan -hsync +vsync (22.5 kHz d)
[    15.572] (II) modeset(0): Modeline "320x180"x118.6    8.88  320 344 360 400  180 181 184 187 doublescan +hsync -vsync (22.2 kHz d)
[    15.577] (II) modeset(0): EDID for output HDMI-1
[    15.577] (II) modeset(0): EDID for output DP-1
[    15.577] (II) modeset(0): Output eDP-1 connected
[    15.577] (II) modeset(0): Output HDMI-1 disconnected
[    15.577] (II) modeset(0): Output DP-1 disconnected
[    15.577] (II) modeset(0): Using exact sizes for initial modes
[    15.577] (II) modeset(0): Output eDP-1 using initial mode 1920x1080 +0+0
[    15.577] (==) modeset(0): Using gamma correction (1.0, 1.0, 1.0)
[    15.577] (==) modeset(0): DPI set to (96, 96)
[    15.577] (II) Loading sub module "fb"
[    15.577] (II) LoadModule: "fb"
[    15.577] (II) Loading /usr/lib/xorg/modules/libfb.so
[    15.577] (II) Module fb: vendor="X.Org Foundation"
[    15.577] 	compiled for 1.20.8, module version = 1.0.0
[    15.577] 	ABI class: X.Org ANSI C Emulation, version 0.4
[    15.577] (==) modeset(G0): Depth 24, (==) framebuffer bpp 32
[    15.577] (==) modeset(G0): RGB weight 888
[    15.577] (==) modeset(G0): Default visual is TrueColor
[    15.577] (II) Loading sub module "glamoregl"
[    15.577] (II) LoadModule: "glamoregl"
[    15.577] (II) Loading /usr/lib/xorg/modules/libglamoregl.so
[    15.577] (II) Module glamoregl: vendor="X.Org Foundation"
[    15.578] 	compiled for 1.20.8, module version = 1.0.1
[    15.578] 	ABI class: X.Org ANSI C Emulation, version 0.4
[    15.632] (II) modeset(G0): glamor X acceleration enabled on NV117
[    15.632] (II) modeset(G0): glamor initialized
[    15.632] (==) modeset(G0): Using gamma correction (1.0, 1.0, 1.0)
[    15.632] (==) modeset(G0): DPI set to (96, 96)
[    15.632] (II) Loading sub module "fb"
[    15.632] (II) LoadModule: "fb"
[    15.632] (II) Loading /usr/lib/xorg/modules/libfb.so
[    15.632] (II) Module fb: vendor="X.Org Foundation"
[    15.632] 	compiled for 1.20.8, module version = 1.0.0
[    15.632] 	ABI class: X.Org ANSI C Emulation, version 0.4
[    15.632] (II) UnloadModule: "fbdev"
[    15.632] (II) Unloading fbdev
[    15.632] (II) UnloadSubModule: "fbdevhw"
[    15.632] (II) Unloading fbdevhw
[    15.632] (II) UnloadModule: "vesa"
[    15.632] (II) Unloading vesa
[    15.641] (==) modeset(0): Backing store enabled
[    15.641] (==) modeset(0): Silken mouse enabled
[    15.701] (II) modeset(0): Initializing kms color map for depth 24, 8 bpc.
[    15.701] (==) modeset(0): DPMS enabled
[    15.702] (II) modeset(0): [DRI2] Setup complete
[    15.702] (II) modeset(0): [DRI2]   DRI driver: i965
[    15.702] (II) modeset(0): [DRI2]   VDPAU driver: va_gl
[    15.721] (==) modeset(G0): Backing store enabled
[    15.721] (==) modeset(G0): Silken mouse enabled
[    15.721] (II) modeset(G0): Initializing kms color map for depth 24, 8 bpc.
[    15.721] (==) modeset(G0): DPMS enabled
[    15.722] (II) modeset(G0): [DRI2] Setup complete
[    15.722] (II) modeset(G0): [DRI2]   DRI driver: nouveau
[    15.722] (II) modeset(G0): [DRI2]   VDPAU driver: nouveau
[    15.722] (II) Initializing extension Generic Event Extension
[    15.722] (II) Initializing extension SHAPE
[    15.722] (II) Initializing extension MIT-SHM
[    15.723] (II) Initializing extension XInputExtension
[    15.723] (II) Initializing extension XTEST
[    15.723] (II) Initializing extension BIG-REQUESTS
[    15.723] (II) Initializing extension SYNC
[    15.723] (II) Initializing extension XKEYBOARD
[    15.724] (II) Initializing extension XC-MISC
[    15.724] (II) Initializing extension SECURITY
[    15.724] (II) Initializing extension XFIXES
[    15.724] (II) Initializing extension RENDER
[    15.724] (II) Initializing extension RANDR
[    15.724] (II) Initializing extension COMPOSITE
[    15.724] (II) Initializing extension DAMAGE
[    15.724] (II) Initializing extension MIT-SCREEN-SAVER
[    15.725] (II) Initializing extension DOUBLE-BUFFER
[    15.725] (II) Initializing extension RECORD
[    15.725] (II) Initializing extension DPMS
[    15.725] (II) Initializing extension Present
[    15.725] (II) Initializing extension DRI3
[    15.725] (II) Initializing extension X-Resource
[    15.725] (II) Initializing extension XVideo
[    15.725] (II) Initializing extension XVideo-MotionCompensation
[    15.725] (II) Initializing extension SELinux
[    15.725] (II) SELinux: Disabled on system
[    15.725] (II) Initializing extension GLX
[    15.730] (II) AIGLX: Loaded and initialized i965
[    15.730] (II) GLX: Initialized DRI2 GL provider for screen 0
[    15.730] (II) Initializing extension XFree86-VidModeExtension
[    15.730] (II) Initializing extension XFree86-DGA
[    15.730] (II) Initializing extension XFree86-DRI
[    15.730] (II) Initializing extension DRI2
[    15.732] (II) modeset(G0): Damage tracking initialized
[    15.734] (II) modeset(0): Damage tracking initialized
[    15.734] (II) modeset(0): Setting screen physical size to 508 x 285
[    15.768] (II) config/udev: Adding input device Power Button (/dev/input/event2)
[    15.768] (**) Power Button: Applying InputClass "libinput keyboard catchall"
[    15.768] (II) LoadModule: "libinput"
[    15.768] (II) Loading /usr/lib/xorg/modules/input/libinput_drv.so
[    15.769] (II) Module libinput: vendor="X.Org Foundation"
[    15.769] 	compiled for 1.20.1, module version = 0.28.1
[    15.769] 	Module class: X.Org XInput Driver
[    15.769] 	ABI class: X.Org XInput driver, version 24.1
[    15.769] (II) Using input driver 'libinput' for 'Power Button'
[    15.771] (II) systemd-logind: got fd for /dev/input/event2 13:66 fd 27 paused 0
[    15.771] (**) Power Button: always reports core events
[    15.771] (**) Option "Device" "/dev/input/event2"
[    15.771] (**) Option "_source" "server/udev"
[    15.771] (II) event2  - Power Button: is tagged by udev as: Keyboard
[    15.771] (II) event2  - Power Button: device is a keyboard
[    15.771] (II) event2  - Power Button: device removed
[    15.771] (**) Option "config_info" "udev:/sys/devices/LNXSYSTM:00/LNXPWRBN:00/input/input2/event2"
[    15.771] (II) XINPUT: Adding extended input device "Power Button" (type: KEYBOARD, id 6)
[    15.771] (**) Option "xkb_layout" "us"
[    15.772] (II) event2  - Power Button: is tagged by udev as: Keyboard
[    15.772] (II) event2  - Power Button: device is a keyboard
[    15.773] (II) config/udev: Adding input device Asus Wireless Radio Control (/dev/input/event6)
[    15.773] (**) Asus Wireless Radio Control: Applying InputClass "libinput keyboard catchall"
[    15.773] (II) Using input driver 'libinput' for 'Asus Wireless Radio Control'
[    15.775] (II) systemd-logind: got fd for /dev/input/event6 13:70 fd 30 paused 0
[    15.775] (**) Asus Wireless Radio Control: always reports core events
[    15.775] (**) Option "Device" "/dev/input/event6"
[    15.775] (**) Option "_source" "server/udev"
[    15.775] (II) event6  - Asus Wireless Radio Control: is tagged by udev as: Keyboard
[    15.775] (II) event6  - Asus Wireless Radio Control: device is a keyboard
[    15.775] (II) event6  - Asus Wireless Radio Control: device removed
[    15.775] (**) Option "config_info" "udev:/sys/devices/LNXSYSTM:00/LNXSYBUS:00/ATK4001:00/input/input13/event6"
[    15.776] (II) XINPUT: Adding extended input device "Asus Wireless Radio Control" (type: KEYBOARD, id 7)
[    15.776] (**) Option "xkb_layout" "us"
[    15.776] (II) event6  - Asus Wireless Radio Control: is tagged by udev as: Keyboard
[    15.776] (II) event6  - Asus Wireless Radio Control: device is a keyboard
[    15.777] (II) config/udev: Adding input device Video Bus (/dev/input/event9)
[    15.777] (**) Video Bus: Applying InputClass "libinput keyboard catchall"
[    15.777] (II) Using input driver 'libinput' for 'Video Bus'
[    15.778] (II) systemd-logind: got fd for /dev/input/event9 13:73 fd 31 paused 0
[    15.778] (**) Video Bus: always reports core events
[    15.778] (**) Option "Device" "/dev/input/event9"
[    15.778] (**) Option "_source" "server/udev"
[    15.778] (II) event9  - Video Bus: is tagged by udev as: Keyboard
[    15.778] (II) event9  - Video Bus: device is a keyboard
[    15.778] (II) event9  - Video Bus: device removed
[    15.778] (**) Option "config_info" "udev:/sys/devices/LNXSYSTM:00/LNXSYBUS:00/PNP0A08:00/LNXVIDEO:00/input/input16/event9"
[    15.778] (II) XINPUT: Adding extended input device "Video Bus" (type: KEYBOARD, id 8)
[    15.778] (**) Option "xkb_layout" "us"
[    15.779] (II) event9  - Video Bus: is tagged by udev as: Keyboard
[    15.779] (II) event9  - Video Bus: device is a keyboard
[    15.780] (II) config/udev: Adding input device Video Bus (/dev/input/event10)
[    15.780] (**) Video Bus: Applying InputClass "libinput keyboard catchall"
[    15.780] (II) Using input driver 'libinput' for 'Video Bus'
[    15.781] (II) systemd-logind: got fd for /dev/input/event10 13:74 fd 32 paused 0
[    15.781] (**) Video Bus: always reports core events
[    15.781] (**) Option "Device" "/dev/input/event10"
[    15.781] (**) Option "_source" "server/udev"
[    15.781] (II) event10 - Video Bus: is tagged by udev as: Keyboard
[    15.781] (II) event10 - Video Bus: device is a keyboard
[    15.781] (II) event10 - Video Bus: device removed
[    15.781] (**) Option "config_info" "udev:/sys/devices/LNXSYSTM:00/LNXSYBUS:00/PNP0A08:00/device:12/LNXVIDEO:01/input/input17/event10"
[    15.781] (II) XINPUT: Adding extended input device "Video Bus" (type: KEYBOARD, id 9)
[    15.781] (**) Option "xkb_layout" "us"
[    15.782] (II) event10 - Video Bus: is tagged by udev as: Keyboard
[    15.782] (II) event10 - Video Bus: device is a keyboard
[    15.783] (II) config/udev: Adding input device Lid Switch (/dev/input/event0)
[    15.783] (II) No input driver specified, ignoring this device.
[    15.783] (II) This device may have been added with another device file.
[    15.783] (II) config/udev: Adding input device Sleep Button (/dev/input/event1)
[    15.783] (**) Sleep Button: Applying InputClass "libinput keyboard catchall"
[    15.783] (II) Using input driver 'libinput' for 'Sleep Button'
[    15.784] (II) systemd-logind: got fd for /dev/input/event1 13:65 fd 33 paused 0
[    15.784] (**) Sleep Button: always reports core events
[    15.784] (**) Option "Device" "/dev/input/event1"
[    15.784] (**) Option "_source" "server/udev"
[    15.784] (II) event1  - Sleep Button: is tagged by udev as: Keyboard
[    15.784] (II) event1  - Sleep Button: device is a keyboard
[    15.784] (II) event1  - Sleep Button: device removed
[    15.784] (**) Option "config_info" "udev:/sys/devices/LNXSYSTM:00/LNXSYBUS:00/PNP0C0E:00/input/input1/event1"
[    15.784] (II) XINPUT: Adding extended input device "Sleep Button" (type: KEYBOARD, id 10)
[    15.784] (**) Option "xkb_layout" "us"
[    15.785] (II) event1  - Sleep Button: is tagged by udev as: Keyboard
[    15.785] (II) event1  - Sleep Button: device is a keyboard
[    15.786] (II) config/udev: Adding input device USB2.0 VGA UVC WebCam: USB2.0 V (/dev/input/event7)
[    15.786] (**) USB2.0 VGA UVC WebCam: USB2.0 V: Applying InputClass "libinput keyboard catchall"
[    15.786] (II) Using input driver 'libinput' for 'USB2.0 VGA UVC WebCam: USB2.0 V'
[    15.787] (II) systemd-logind: got fd for /dev/input/event7 13:71 fd 34 paused 0
[    15.787] (**) USB2.0 VGA UVC WebCam: USB2.0 V: always reports core events
[    15.787] (**) Option "Device" "/dev/input/event7"
[    15.787] (**) Option "_source" "server/udev"
[    15.787] (II) event7  - USB2.0 VGA UVC WebCam: USB2.0 V: is tagged by udev as: Keyboard
[    15.787] (II) event7  - USB2.0 VGA UVC WebCam: USB2.0 V: device is a keyboard
[    15.787] (II) event7  - USB2.0 VGA UVC WebCam: USB2.0 V: device removed
[    15.787] (**) Option "config_info" "udev:/sys/devices/pci0000:00/0000:00:14.0/usb1/1-4/1-4:1.0/input/input14/event7"
[    15.787] (II) XINPUT: Adding extended input device "USB2.0 VGA UVC WebCam: USB2.0 V" (type: KEYBOARD, id 11)
[    15.787] (**) Option "xkb_layout" "us"
[    15.788] (II) event7  - USB2.0 VGA UVC WebCam: USB2.0 V: is tagged by udev as: Keyboard
[    15.788] (II) event7  - USB2.0 VGA UVC WebCam: USB2.0 V: device is a keyboard
[    15.789] (II) config/udev: Adding input device  USB OPTICAL MOUSE (/dev/input/event5)
[    15.789] (**)  USB OPTICAL MOUSE: Applying InputClass "libinput pointer catchall"
[    15.789] (II) Using input driver 'libinput' for ' USB OPTICAL MOUSE'
[    15.846] (II) systemd-logind: got fd for /dev/input/event5 13:69 fd 35 paused 0
[    15.846] (**)  USB OPTICAL MOUSE: always reports core events
[    15.846] (**) Option "Device" "/dev/input/event5"
[    15.846] (**) Option "_source" "server/udev"
[    15.847] (II) event5  -  USB OPTICAL MOUSE: is tagged by udev as: Mouse
[    15.847] (II) event5  -  USB OPTICAL MOUSE: device is a pointer
[    15.847] (II) event5  -  USB OPTICAL MOUSE: device removed
[    15.847] (**) Option "config_info" "udev:/sys/devices/pci0000:00/0000:00:14.0/usb1/1-6/1-6:1.0/0003:0000:3825.0001/input/input12/event5"
[    15.847] (II) XINPUT: Adding extended input device " USB OPTICAL MOUSE" (type: MOUSE, id 12)
[    15.848] (**) Option "AccelerationScheme" "none"
[    15.848] (**)  USB OPTICAL MOUSE: (accel) selected scheme none/0
[    15.848] (**)  USB OPTICAL MOUSE: (accel) acceleration factor: 2.000
[    15.848] (**)  USB OPTICAL MOUSE: (accel) acceleration threshold: 4
[    15.848] (II) event5  -  USB OPTICAL MOUSE: is tagged by udev as: Mouse
[    15.848] (II) event5  -  USB OPTICAL MOUSE: device is a pointer
[    15.849] (II) config/udev: Adding input device  USB OPTICAL MOUSE (/dev/input/mouse1)
[    15.849] (II) No input driver specified, ignoring this device.
[    15.849] (II) This device may have been added with another device file.
[    15.849] (II) config/udev: Adding input device HDA Intel PCH Headphone (/dev/input/event11)
[    15.849] (II) No input driver specified, ignoring this device.
[    15.849] (II) This device may have been added with another device file.
[    15.849] (II) config/udev: Adding input device HDA Intel PCH HDMI/DP,pcm=3 (/dev/input/event12)
[    15.849] (II) No input driver specified, ignoring this device.
[    15.849] (II) This device may have been added with another device file.
[    15.850] (II) config/udev: Adding input device HDA Intel PCH HDMI/DP,pcm=7 (/dev/input/event13)
[    15.850] (II) No input driver specified, ignoring this device.
[    15.850] (II) This device may have been added with another device file.
[    15.850] (II) config/udev: Adding input device HDA Intel PCH HDMI/DP,pcm=8 (/dev/input/event14)
[    15.850] (II) No input driver specified, ignoring this device.
[    15.850] (II) This device may have been added with another device file.
[    15.850] (II) config/udev: Adding input device HDA Intel PCH HDMI/DP,pcm=9 (/dev/input/event15)
[    15.850] (II) No input driver specified, ignoring this device.
[    15.850] (II) This device may have been added with another device file.
[    15.851] (II) config/udev: Adding input device HDA Intel PCH HDMI/DP,pcm=10 (/dev/input/event16)
[    15.851] (II) No input driver specified, ignoring this device.
[    15.851] (II) This device may have been added with another device file.
[    15.851] (II) config/udev: Adding input device Asus WMI hotkeys (/dev/input/event8)
[    15.851] (**) Asus WMI hotkeys: Applying InputClass "libinput keyboard catchall"
[    15.851] (II) Using input driver 'libinput' for 'Asus WMI hotkeys'
[    15.852] (II) systemd-logind: got fd for /dev/input/event8 13:72 fd 36 paused 0
[    15.852] (**) Asus WMI hotkeys: always reports core events
[    15.852] (**) Option "Device" "/dev/input/event8"
[    15.852] (**) Option "_source" "server/udev"
[    15.852] (II) event8  - Asus WMI hotkeys: is tagged by udev as: Keyboard
[    15.852] (II) event8  - Asus WMI hotkeys: device is a keyboard
[    15.852] (II) event8  - Asus WMI hotkeys: device removed
[    15.852] (**) Option "config_info" "udev:/sys/devices/platform/asus-nb-wmi/input/input15/event8"
[    15.852] (II) XINPUT: Adding extended input device "Asus WMI hotkeys" (type: KEYBOARD, id 13)
[    15.852] (**) Option "xkb_layout" "us"
[    15.852] (II) event8  - Asus WMI hotkeys: is tagged by udev as: Keyboard
[    15.852] (II) event8  - Asus WMI hotkeys: device is a keyboard
[    15.853] (II) config/udev: Adding input device AT Translated Set 2 keyboard (/dev/input/event3)
[    15.853] (**) AT Translated Set 2 keyboard: Applying InputClass "libinput keyboard catchall"
[    15.853] (II) Using input driver 'libinput' for 'AT Translated Set 2 keyboard'
[    15.854] (II) systemd-logind: got fd for /dev/input/event3 13:67 fd 37 paused 0
[    15.854] (**) AT Translated Set 2 keyboard: always reports core events
[    15.854] (**) Option "Device" "/dev/input/event3"
[    15.854] (**) Option "_source" "server/udev"
[    15.854] (II) event3  - AT Translated Set 2 keyboard: is tagged by udev as: Keyboard
[    15.854] (II) event3  - AT Translated Set 2 keyboard: device is a keyboard
[    15.854] (II) event3  - AT Translated Set 2 keyboard: device removed
[    15.854] (**) Option "config_info" "udev:/sys/devices/platform/i8042/serio0/input/input3/event3"
[    15.854] (II) XINPUT: Adding extended input device "AT Translated Set 2 keyboard" (type: KEYBOARD, id 14)
[    15.854] (**) Option "xkb_layout" "us"
[    15.855] (II) event3  - AT Translated Set 2 keyboard: is tagged by udev as: Keyboard
[    15.855] (II) event3  - AT Translated Set 2 keyboard: device is a keyboard
[    15.855] (II) config/udev: Adding input device FocalTechPS/2 FocalTech Touchpad (/dev/input/event4)
[    15.855] (**) FocalTechPS/2 FocalTech Touchpad: Applying InputClass "libinput touchpad catchall"
[    15.855] (II) Using input driver 'libinput' for 'FocalTechPS/2 FocalTech Touchpad'
[    15.856] (II) systemd-logind: got fd for /dev/input/event4 13:68 fd 38 paused 0
[    15.856] (**) FocalTechPS/2 FocalTech Touchpad: always reports core events
[    15.856] (**) Option "Device" "/dev/input/event4"
[    15.856] (**) Option "_source" "server/udev"
[    15.856] (II) event4  - FocalTechPS/2 FocalTech Touchpad: is tagged by udev as: Touchpad
[    15.856] (II) event4  - FocalTechPS/2 FocalTech Touchpad: no resolution or size hints, assuming a size of 69x50mm
[    15.856] (II) event4  - FocalTechPS/2 FocalTech Touchpad: device is a touchpad
[    15.856] (II) event4  - FocalTechPS/2 FocalTech Touchpad: device removed
[    15.856] (**) Option "config_info" "udev:/sys/devices/platform/i8042/serio4/input/input11/event4"
[    15.856] (II) XINPUT: Adding extended input device "FocalTechPS/2 FocalTech Touchpad" (type: TOUCHPAD, id 15)
[    15.856] (**) Option "AccelerationScheme" "none"
[    15.856] (**) FocalTechPS/2 FocalTech Touchpad: (accel) selected scheme none/0
[    15.856] (**) FocalTechPS/2 FocalTech Touchpad: (accel) acceleration factor: 2.000
[    15.856] (**) FocalTechPS/2 FocalTech Touchpad: (accel) acceleration threshold: 4
[    15.857] (II) event4  - FocalTechPS/2 FocalTech Touchpad: is tagged by udev as: Touchpad
[    15.857] (II) event4  - FocalTechPS/2 FocalTech Touchpad: no resolution or size hints, assuming a size of 69x50mm
[    15.857] (II) event4  - FocalTechPS/2 FocalTech Touchpad: device is a touchpad
[    15.857] (II) config/udev: Adding input device FocalTechPS/2 FocalTech Touchpad (/dev/input/mouse0)
[    15.857] (II) No input driver specified, ignoring this device.
[    15.857] (II) This device may have been added with another device file.
[    16.213] (II) modeset(0): EDID vendor "BOE", prod id 1692
[    16.213] (II) modeset(0): Printing DDC gathered Modelines:
[    16.213] (II) modeset(0): Modeline "1920x1080"x0.0  141.40  1920 1968 2000 2142  1080 1083 1089 1100 +hsync -vsync (66.0 kHz eP)
[  4628.222] (II) event5  -  USB OPTICAL MOUSE: SYN_DROPPED event - some input events have been lost.
[ 12406.540] (II) config/udev: removing device  USB OPTICAL MOUSE
[ 12406.541] (**) Option "fd" "35"
[ 12406.542] (II) event5  -  USB OPTICAL MOUSE: device removed
[ 12406.555] (II) UnloadModule: "libinput"
[ 12406.555] (II) systemd-logind: releasing fd for 13:69
[ 12407.127] (II) config/udev: Adding input device  USB OPTICAL MOUSE (/dev/input/mouse1)
[ 12407.127] (II) No input driver specified, ignoring this device.
[ 12407.127] (II) This device may have been added with another device file.
[ 12407.241] (II) config/udev: Adding input device  USB OPTICAL MOUSE (/dev/input/event5)
[ 12407.241] (**)  USB OPTICAL MOUSE: Applying InputClass "libinput pointer catchall"
[ 12407.241] (II) Using input driver 'libinput' for ' USB OPTICAL MOUSE'
[ 12407.306] (II) systemd-logind: got fd for /dev/input/event5 13:69 fd 52 paused 0
[ 12407.306] (**)  USB OPTICAL MOUSE: always reports core events
[ 12407.306] (**) Option "Device" "/dev/input/event5"
[ 12407.306] (**) Option "_source" "server/udev"
[ 12407.307] (II) event5  -  USB OPTICAL MOUSE: is tagged by udev as: Mouse
[ 12407.307] (II) event5  -  USB OPTICAL MOUSE: device is a pointer
[ 12407.307] (II) event5  -  USB OPTICAL MOUSE: device removed
[ 12407.307] (**) Option "config_info" "udev:/sys/devices/pci0000:00/0000:00:14.0/usb1/1-6/1-6:1.0/0003:0000:3825.0002/input/input24/event5"
[ 12407.307] (II) XINPUT: Adding extended input device " USB OPTICAL MOUSE" (type: MOUSE, id 12)
[ 12407.310] (**) Option "AccelerationScheme" "none"
[ 12407.313] (**)  USB OPTICAL MOUSE: (accel) selected scheme none/0
[ 12407.313] (**)  USB OPTICAL MOUSE: (accel) acceleration factor: 2.000
[ 12407.313] (**)  USB OPTICAL MOUSE: (accel) acceleration threshold: 4
[ 12407.315] (II) event5  -  USB OPTICAL MOUSE: is tagged by udev as: Mouse
[ 12407.315] (II) event5  -  USB OPTICAL MOUSE: device is a pointer
[ 13917.769] (II) config/udev: removing device  USB OPTICAL MOUSE
[ 13917.773] (**) Option "fd" "52"
[ 13917.775] (II) event5  -  USB OPTICAL MOUSE: device removed
[ 13917.784] (II) UnloadModule: "libinput"
[ 13917.784] (II) systemd-logind: releasing fd for 13:69
[ 13917.785] (EE) systemd-logind: failed to release device: Device not taken
[ 13918.413] (II) config/udev: Adding input device  USB OPTICAL MOUSE (/dev/input/mouse1)
[ 13918.413] (II) No input driver specified, ignoring this device.
[ 13918.413] (II) This device may have been added with another device file.
[ 13918.501] (II) config/udev: Adding input device  USB OPTICAL MOUSE (/dev/input/event5)
[ 13918.501] (**)  USB OPTICAL MOUSE: Applying InputClass "libinput pointer catchall"
[ 13918.501] (II) Using input driver 'libinput' for ' USB OPTICAL MOUSE'
[ 13918.586] (II) systemd-logind: got fd for /dev/input/event5 13:69 fd 52 paused 0
[ 13918.586] (**)  USB OPTICAL MOUSE: always reports core events
[ 13918.586] (**) Option "Device" "/dev/input/event5"
[ 13918.586] (**) Option "_source" "server/udev"
[ 13918.588] (II) event5  -  USB OPTICAL MOUSE: is tagged by udev as: Mouse
[ 13918.588] (II) event5  -  USB OPTICAL MOUSE: device is a pointer
[ 13918.588] (II) event5  -  USB OPTICAL MOUSE: device removed
[ 13918.588] (**) Option "config_info" "udev:/sys/devices/pci0000:00/0000:00:14.0/usb1/1-6/1-6:1.0/0003:0000:3825.0003/input/input25/event5"
[ 13918.588] (II) XINPUT: Adding extended input device " USB OPTICAL MOUSE" (type: MOUSE, id 12)
[ 13918.592] (**) Option "AccelerationScheme" "none"
[ 13918.593] (**)  USB OPTICAL MOUSE: (accel) selected scheme none/0
[ 13918.593] (**)  USB OPTICAL MOUSE: (accel) acceleration factor: 2.000
[ 13918.593] (**)  USB OPTICAL MOUSE: (accel) acceleration threshold: 4
[ 13918.594] (II) event5  -  USB OPTICAL MOUSE: is tagged by udev as: Mouse
[ 13918.594] (II) event5  -  USB OPTICAL MOUSE: device is a pointer
[ 16629.622] (II) event5  -  USB OPTICAL MOUSE: SYN_DROPPED event - some input events have been lost.
[ 16630.166] (II) event5  -  USB OPTICAL MOUSE: SYN_DROPPED event - some input events have been lost.
[ 17093.066] (II) event5  -  USB OPTICAL MOUSE: SYN_DROPPED event - some input events have been lost.
[ 25899.423] (II) event5  -  USB OPTICAL MOUSE: SYN_DROPPED event - some input events have been lost.
