[2020-07-16 09:11:22.611] [exthost] [info] extension host started
[2020-07-16 09:11:22.671] [exthost] [info] ExtensionService#_doActivateExtension golang.go {"startup":false,"extensionId":{"value":"golang.go","_lower":"golang.go"},"activationEvent":"onLanguage:go"}
[2020-07-16 09:11:22.672] [exthost] [info] ExtensionService#loadCommonJSModule file:///home/leo/.vscode/extensions/golang.go-0.15.1/out/src/goMain
[2020-07-16 09:11:23.595] [exthost] [info] ExtensionService#_doActivateExtension vscode.debug-auto-launch {"startup":true,"extensionId":{"value":"vscode.debug-auto-launch","_lower":"vscode.debug-auto-launch"},"activationEvent":"*"}
[2020-07-16 09:11:23.596] [exthost] [info] ExtensionService#loadCommonJSModule file:///usr/share/code/resources/app/extensions/debug-auto-launch/dist/extension
[2020-07-16 09:11:23.604] [exthost] [info] ExtensionService#_doActivateExtension vscode.emmet {"startup":true,"extensionId":{"value":"vscode.emmet","_lower":"vscode.emmet"},"activationEvent":"*"}
[2020-07-16 09:11:23.604] [exthost] [info] ExtensionService#loadCommonJSModule file:///usr/share/code/resources/app/extensions/emmet/dist/extension
[2020-07-16 09:11:23.631] [exthost] [info] ExtensionService#_doActivateExtension vscode.git {"startup":true,"extensionId":{"value":"vscode.github","_lower":"vscode.github"},"activationEvent":"*"}
[2020-07-16 09:11:23.631] [exthost] [info] ExtensionService#loadCommonJSModule file:///usr/share/code/resources/app/extensions/git/dist/main
[2020-07-16 09:11:23.679] [exthost] [info] ExtensionService#_doActivateExtension vscode.github-authentication {"startup":true,"extensionId":{"value":"vscode.github-authentication","_lower":"vscode.github-authentication"},"activationEvent":"*"}
[2020-07-16 09:11:23.679] [exthost] [info] ExtensionService#loadCommonJSModule file:///usr/share/code/resources/app/extensions/github-authentication/dist/extension.js
[2020-07-16 09:11:23.698] [exthost] [info] ExtensionService#_doActivateExtension vscode.merge-conflict {"startup":true,"extensionId":{"value":"vscode.merge-conflict","_lower":"vscode.merge-conflict"},"activationEvent":"*"}
[2020-07-16 09:11:23.698] [exthost] [info] ExtensionService#loadCommonJSModule file:///usr/share/code/resources/app/extensions/merge-conflict/dist/mergeConflictMain
[2020-07-16 09:11:23.703] [exthost] [info] ExtensionService#_doActivateExtension vscode.microsoft-authentication {"startup":true,"extensionId":{"value":"vscode.microsoft-authentication","_lower":"vscode.microsoft-authentication"},"activationEvent":"*"}
[2020-07-16 09:11:23.703] [exthost] [info] ExtensionService#loadCommonJSModule file:///usr/share/code/resources/app/extensions/microsoft-authentication/dist/extension.js
[2020-07-16 09:11:23.714] [exthost] [info] ExtensionService#_doActivateExtension vscode.search-result {"startup":true,"extensionId":{"value":"vscode.search-result","_lower":"vscode.search-result"},"activationEvent":"*"}
[2020-07-16 09:11:23.714] [exthost] [info] ExtensionService#loadCommonJSModule file:///usr/share/code/resources/app/extensions/search-result/dist/extension.js
[2020-07-16 09:11:23.719] [exthost] [info] ExtensionService#_doActivateExtension vscode.configuration-editing {"startup":false,"extensionId":{"value":"vscode.configuration-editing","_lower":"vscode.configuration-editing"},"activationEvent":"onLanguage:json"}
[2020-07-16 09:11:23.719] [exthost] [info] ExtensionService#loadCommonJSModule file:///usr/share/code/resources/app/extensions/configuration-editing/dist/configurationEditingMain
[2020-07-16 09:11:23.724] [exthost] [info] ExtensionService#_doActivateExtension vscode.extension-editing {"startup":false,"extensionId":{"value":"vscode.extension-editing","_lower":"vscode.extension-editing"},"activationEvent":"onLanguage:json"}
[2020-07-16 09:11:23.724] [exthost] [info] ExtensionService#loadCommonJSModule file:///usr/share/code/resources/app/extensions/extension-editing/dist/extension
[2020-07-16 09:11:23.736] [exthost] [info] ExtensionService#_doActivateExtension vscode.json-language-features {"startup":false,"extensionId":{"value":"vscode.json-language-features","_lower":"vscode.json-language-features"},"activationEvent":"onLanguage:json"}
[2020-07-16 09:11:23.736] [exthost] [info] ExtensionService#loadCommonJSModule file:///usr/share/code/resources/app/extensions/json-language-features/client/dist/node/jsonClientMain
[2020-07-16 09:11:23.765] [exthost] [info] ExtensionService#_doActivateExtension ms-vscode.js-debug {"startup":false,"extensionId":{"value":"ms-vscode.js-debug","_lower":"ms-vscode.js-debug"},"activationEvent":"onLanguage:json"}
[2020-07-16 09:11:23.765] [exthost] [info] ExtensionService#loadCommonJSModule file:///usr/share/code/resources/app/extensions/ms-vscode.js-debug/src/extension.js
[2020-07-16 09:11:24.043] [exthost] [info] ExtensionService#_doActivateExtension vscode.npm {"startup":false,"extensionId":{"value":"vscode.npm","_lower":"vscode.npm"},"activationEvent":"onLanguage:json"}
[2020-07-16 09:11:24.043] [exthost] [info] ExtensionService#loadCommonJSModule file:///usr/share/code/resources/app/extensions/npm/dist/npmMain
[2020-07-16 09:11:24.053] [exthost] [info] ExtensionService#_doActivateExtension vscode.typescript-language-features {"startup":false,"extensionId":{"value":"vscode.typescript-language-features","_lower":"vscode.typescript-language-features"},"activationEvent":"onLanguage:typescript"}
[2020-07-16 09:11:24.053] [exthost] [info] ExtensionService#loadCommonJSModule file:///usr/share/code/resources/app/extensions/typescript-language-features/dist/extension
[2020-07-16 09:11:24.401] [exthost] [info] ExtensionService#_doActivateExtension vscode.github {"startup":true,"extensionId":{"value":"vscode.github","_lower":"vscode.github"},"activationEvent":"*"}
[2020-07-16 09:11:24.401] [exthost] [info] ExtensionService#loadCommonJSModule file:///usr/share/code/resources/app/extensions/github/dist/extension.js
[2020-07-16 09:11:24.487] [exthost] [info] eager extensions activated
[2020-07-16 09:18:01.487] [exthost] [info] ExtensionService#_doActivateExtension vscode.markdown-language-features {"startup":false,"extensionId":{"value":"vscode.markdown-language-features","_lower":"vscode.markdown-language-features"},"activationEvent":"onLanguage:markdown"}
[2020-07-16 09:18:01.487] [exthost] [info] ExtensionService#loadCommonJSModule file:///usr/share/code/resources/app/extensions/markdown-language-features/dist/extension
[2020-07-16 09:48:48.965] [exthost] [error] [golang.go] provider FAILED
[2020-07-16 09:48:48.966] [exthost] [error] Check the console in dev tools to find errors when formatting.
[2020-07-16 09:48:58.577] [exthost] [error] [golang.go] provider FAILED
[2020-07-16 09:48:58.577] [exthost] [error] Check the console in dev tools to find errors when formatting.
[2020-07-16 09:49:15.097] [exthost] [error] [golang.go] provider FAILED
[2020-07-16 09:49:15.097] [exthost] [error] Check the console in dev tools to find errors when formatting.
[2020-07-16 09:49:16.198] [exthost] [error] [golang.go] provider FAILED
[2020-07-16 09:49:16.198] [exthost] [error] Check the console in dev tools to find errors when formatting.
[2020-07-16 09:50:19.213] [exthost] [error] [golang.go] provider FAILED
[2020-07-16 09:50:19.213] [exthost] [error] Check the console in dev tools to find errors when formatting.
[2020-07-16 11:06:54.805] [exthost] [error] [golang.go] provider FAILED
[2020-07-16 11:06:54.811] [exthost] [error] Error: name must not be falsy
	at Function.validate (/usr/share/code/resources/app/out/vs/workbench/services/extensions/node/extensionHostProcess.js:442:377)
	at new C (/usr/share/code/resources/app/out/vs/workbench/services/extensions/node/extensionHostProcess.js:442:326)
	at new C (/usr/share/code/resources/app/out/vs/workbench/services/extensions/node/extensionHostProcess.js:429:327)
	at /home/leo/.vscode/extensions/golang.go-0.15.1/out/src/goOutline.js:119:28
	at Array.forEach (<anonymous>)
	at convertToCodeSymbols (/home/leo/.vscode/extensions/golang.go-0.15.1/out/src/goOutline.js:97:19)
	at /home/leo/.vscode/extensions/golang.go-0.15.1/out/src/goOutline.js:31:16
	at Generator.next (<anonymous>)
	at fulfilled (/home/leo/.vscode/extensions/golang.go-0.15.1/out/src/goOutline.js:9:58)
[2020-07-16 11:07:06.398] [exthost] [error] [golang.go] provider FAILED
[2020-07-16 11:07:06.401] [exthost] [error] Error: name must not be falsy
	at Function.validate (/usr/share/code/resources/app/out/vs/workbench/services/extensions/node/extensionHostProcess.js:442:377)
	at new C (/usr/share/code/resources/app/out/vs/workbench/services/extensions/node/extensionHostProcess.js:442:326)
	at new C (/usr/share/code/resources/app/out/vs/workbench/services/extensions/node/extensionHostProcess.js:429:327)
	at /home/leo/.vscode/extensions/golang.go-0.15.1/out/src/goOutline.js:119:28
	at Array.forEach (<anonymous>)
	at convertToCodeSymbols (/home/leo/.vscode/extensions/golang.go-0.15.1/out/src/goOutline.js:97:19)
	at /home/leo/.vscode/extensions/golang.go-0.15.1/out/src/goOutline.js:31:16
	at Generator.next (<anonymous>)
	at fulfilled (/home/leo/.vscode/extensions/golang.go-0.15.1/out/src/goOutline.js:9:58)
	at runMicrotasks (<anonymous>)
	at processTicksAndRejections (internal/process/task_queues.js:85:5)
[2020-07-16 11:07:09.213] [exthost] [error] [golang.go] provider FAILED
[2020-07-16 11:07:09.214] [exthost] [error] Error: name must not be falsy
	at Function.validate (/usr/share/code/resources/app/out/vs/workbench/services/extensions/node/extensionHostProcess.js:442:377)
	at new C (/usr/share/code/resources/app/out/vs/workbench/services/extensions/node/extensionHostProcess.js:442:326)
	at new C (/usr/share/code/resources/app/out/vs/workbench/services/extensions/node/extensionHostProcess.js:429:327)
	at /home/leo/.vscode/extensions/golang.go-0.15.1/out/src/goOutline.js:119:28
	at Array.forEach (<anonymous>)
	at convertToCodeSymbols (/home/leo/.vscode/extensions/golang.go-0.15.1/out/src/goOutline.js:97:19)
	at /home/leo/.vscode/extensions/golang.go-0.15.1/out/src/goOutline.js:31:16
	at Generator.next (<anonymous>)
	at fulfilled (/home/leo/.vscode/extensions/golang.go-0.15.1/out/src/goOutline.js:9:58)
[2020-07-16 11:54:05.264] [exthost] [error] [golang.go] provider FAILED
[2020-07-16 11:54:05.265] [exthost] [error] Check the console in dev tools to find errors when formatting.
