[2020-07-16 14:08:51.513] [renderer1] [error] Command failed: /home/leo/go/bin/godef -t -i -f /home/leo/Work/exercise4/dbuser.go -o 148
godef: Offset 148 was not a valid identifier

[2020-07-16 14:09:04.419] [renderer1] [error] Command failed: /home/leo/go/bin/godef -t -i -f /home/leo/Work/exercise4/database.go -o 124

[2020-07-16 14:09:04.704] [renderer1] [error] Command failed: /home/leo/go/bin/godef -t -i -f /home/leo/Work/exercise4/database.go -o 125
godef: Offset 125 was not a valid identifier

[2020-07-16 14:29:59.312] [renderer1] [error] name must not be falsy: Error: name must not be falsy
	at Function.validate (/usr/share/code/resources/app/out/vs/workbench/services/extensions/node/extensionHostProcess.js:442:377)
	at new C (/usr/share/code/resources/app/out/vs/workbench/services/extensions/node/extensionHostProcess.js:442:326)
	at new C (/usr/share/code/resources/app/out/vs/workbench/services/extensions/node/extensionHostProcess.js:429:327)
	at /home/leo/.vscode/extensions/golang.go-0.15.1/out/src/goOutline.js:119:28
	at Array.forEach (<anonymous>)
	at convertToCodeSymbols (/home/leo/.vscode/extensions/golang.go-0.15.1/out/src/goOutline.js:97:19)
	at /home/leo/.vscode/extensions/golang.go-0.15.1/out/src/goOutline.js:31:16
	at Generator.next (<anonymous>)
	at fulfilled (/home/leo/.vscode/extensions/golang.go-0.15.1/out/src/goOutline.js:9:58)
[2020-07-16 14:30:02.841] [renderer1] [error] name must not be falsy: Error: name must not be falsy
	at Function.validate (/usr/share/code/resources/app/out/vs/workbench/services/extensions/node/extensionHostProcess.js:442:377)
	at new C (/usr/share/code/resources/app/out/vs/workbench/services/extensions/node/extensionHostProcess.js:442:326)
	at new C (/usr/share/code/resources/app/out/vs/workbench/services/extensions/node/extensionHostProcess.js:429:327)
	at /home/leo/.vscode/extensions/golang.go-0.15.1/out/src/goOutline.js:119:28
	at Array.forEach (<anonymous>)
	at convertToCodeSymbols (/home/leo/.vscode/extensions/golang.go-0.15.1/out/src/goOutline.js:97:19)
	at /home/leo/.vscode/extensions/golang.go-0.15.1/out/src/goOutline.js:31:16
	at Generator.next (<anonymous>)
	at fulfilled (/home/leo/.vscode/extensions/golang.go-0.15.1/out/src/goOutline.js:9:58)
	at runMicrotasks (<anonymous>)
	at processTicksAndRejections (internal/process/task_queues.js:85:5)
[2020-07-16 14:30:14.037] [renderer1] [error] name must not be falsy: Error: name must not be falsy
	at Function.validate (/usr/share/code/resources/app/out/vs/workbench/services/extensions/node/extensionHostProcess.js:442:377)
	at new C (/usr/share/code/resources/app/out/vs/workbench/services/extensions/node/extensionHostProcess.js:442:326)
	at new C (/usr/share/code/resources/app/out/vs/workbench/services/extensions/node/extensionHostProcess.js:429:327)
	at /home/leo/.vscode/extensions/golang.go-0.15.1/out/src/goOutline.js:119:28
	at Array.forEach (<anonymous>)
	at convertToCodeSymbols (/home/leo/.vscode/extensions/golang.go-0.15.1/out/src/goOutline.js:97:19)
	at /home/leo/.vscode/extensions/golang.go-0.15.1/out/src/goOutline.js:31:16
	at Generator.next (<anonymous>)
	at fulfilled (/home/leo/.vscode/extensions/golang.go-0.15.1/out/src/goOutline.js:9:58)
[2020-07-16 14:30:16.790] [renderer1] [error] name must not be falsy: Error: name must not be falsy
	at Function.validate (/usr/share/code/resources/app/out/vs/workbench/services/extensions/node/extensionHostProcess.js:442:377)
	at new C (/usr/share/code/resources/app/out/vs/workbench/services/extensions/node/extensionHostProcess.js:442:326)
	at new C (/usr/share/code/resources/app/out/vs/workbench/services/extensions/node/extensionHostProcess.js:429:327)
	at /home/leo/.vscode/extensions/golang.go-0.15.1/out/src/goOutline.js:119:28
	at Array.forEach (<anonymous>)
	at convertToCodeSymbols (/home/leo/.vscode/extensions/golang.go-0.15.1/out/src/goOutline.js:97:19)
	at /home/leo/.vscode/extensions/golang.go-0.15.1/out/src/goOutline.js:31:16
	at Generator.next (<anonymous>)
	at fulfilled (/home/leo/.vscode/extensions/golang.go-0.15.1/out/src/goOutline.js:9:58)
	at runMicrotasks (<anonymous>)
	at processTicksAndRejections (internal/process/task_queues.js:85:5)
[2020-07-16 14:30:20.037] [renderer1] [error] name must not be falsy: Error: name must not be falsy
	at Function.validate (/usr/share/code/resources/app/out/vs/workbench/services/extensions/node/extensionHostProcess.js:442:377)
	at new C (/usr/share/code/resources/app/out/vs/workbench/services/extensions/node/extensionHostProcess.js:442:326)
	at new C (/usr/share/code/resources/app/out/vs/workbench/services/extensions/node/extensionHostProcess.js:429:327)
	at /home/leo/.vscode/extensions/golang.go-0.15.1/out/src/goOutline.js:119:28
	at Array.forEach (<anonymous>)
	at convertToCodeSymbols (/home/leo/.vscode/extensions/golang.go-0.15.1/out/src/goOutline.js:97:19)
	at /home/leo/.vscode/extensions/golang.go-0.15.1/out/src/goOutline.js:31:16
	at Generator.next (<anonymous>)
	at fulfilled (/home/leo/.vscode/extensions/golang.go-0.15.1/out/src/goOutline.js:9:58)
	at runMicrotasks (<anonymous>)
	at processTicksAndRejections (internal/process/task_queues.js:85:5)
[2020-07-16 14:30:29.722] [renderer1] [error] name must not be falsy: Error: name must not be falsy
	at Function.validate (/usr/share/code/resources/app/out/vs/workbench/services/extensions/node/extensionHostProcess.js:442:377)
	at new C (/usr/share/code/resources/app/out/vs/workbench/services/extensions/node/extensionHostProcess.js:442:326)
	at new C (/usr/share/code/resources/app/out/vs/workbench/services/extensions/node/extensionHostProcess.js:429:327)
	at /home/leo/.vscode/extensions/golang.go-0.15.1/out/src/goOutline.js:119:28
	at Array.forEach (<anonymous>)
	at convertToCodeSymbols (/home/leo/.vscode/extensions/golang.go-0.15.1/out/src/goOutline.js:97:19)
	at /home/leo/.vscode/extensions/golang.go-0.15.1/out/src/goOutline.js:31:16
	at Generator.next (<anonymous>)
	at fulfilled (/home/leo/.vscode/extensions/golang.go-0.15.1/out/src/goOutline.js:9:58)
	at runMicrotasks (<anonymous>)
	at processTicksAndRejections (internal/process/task_queues.js:85:5)
[2020-07-16 14:40:36.875] [renderer1] [error] Command failed: /home/leo/go/bin/godef -t -i -f /home/leo/Work/exercise4/database.go -o 1066

[2020-07-16 15:07:12.740] [renderer1] [error] Command failed: /home/leo/go/bin/godef -t -i -f /home/leo/Work/exercise4/database.go -o 1152

[2020-07-16 15:12:52.931] [renderer1] [error] Command failed: /home/leo/go/bin/godef -t -i -f /home/leo/Work/exercise4/database.go -o 1065
godef: Offset 1065 was not a valid identifier

[2020-07-16 15:12:53.303] [renderer1] [error] Command failed: /home/leo/go/bin/godef -t -i -f /home/leo/Work/exercise4/database.go -o 1076

[2020-07-16 15:12:53.895] [renderer1] [error] Command failed: /home/leo/go/bin/godef -t -i -f /home/leo/Work/exercise4/database.go -o 1079

[2020-07-16 16:06:18.033] [renderer1] [error] Command failed: /home/leo/go/bin/godef -t -i -f /home/leo/Work/exercise4/main.go -o 444

[2020-07-16 17:27:47.004] [renderer1] [error] Command failed: /home/leo/go/bin/godef -t -i -f /home/leo/Work/exercise4/main.go -o 314
godef: Offset 314 was not a valid identifier

[2020-07-16 17:28:02.406] [renderer1] [error] Command failed: /home/leo/go/bin/godef -t -i -f /home/leo/Work/exercise4/main.go -o 440
godef: Offset 440 was not a valid identifier

[2020-07-16 17:28:07.395] [renderer1] [warning] Check the console in dev tools to find errors when formatting.
[2020-07-16 17:28:11.579] [renderer1] [warning] Check the console in dev tools to find errors when formatting.
[2020-07-16 17:32:01.139] [renderer1] [error] Command failed: /home/leo/go/bin/godef -t -i -f /home/leo/Work/exercise4/dbuser.go -o 489

