[2020-07-13 08:46:07.726] [exthost] [info] extension host started
[2020-07-13 08:46:07.748] [exthost] [info] ExtensionService#_doActivateExtension vscode.extension-editing {"startup":false,"extensionId":{"value":"vscode.extension-editing","_lower":"vscode.extension-editing"},"activationEvent":"onLanguage:markdown"}
[2020-07-13 08:46:07.748] [exthost] [info] ExtensionService#loadCommonJSModule file:///usr/share/code/resources/app/extensions/extension-editing/dist/extension
[2020-07-13 08:46:07.756] [exthost] [info] ExtensionService#_doActivateExtension vscode.markdown-language-features {"startup":false,"extensionId":{"value":"vscode.markdown-language-features","_lower":"vscode.markdown-language-features"},"activationEvent":"onLanguage:markdown"}
[2020-07-13 08:46:07.756] [exthost] [info] ExtensionService#loadCommonJSModule file:///usr/share/code/resources/app/extensions/markdown-language-features/dist/extension
[2020-07-13 08:46:07.791] [exthost] [info] ExtensionService#_doActivateExtension vscode.debug-auto-launch {"startup":true,"extensionId":{"value":"vscode.debug-auto-launch","_lower":"vscode.debug-auto-launch"},"activationEvent":"*"}
[2020-07-13 08:46:07.791] [exthost] [info] ExtensionService#loadCommonJSModule file:///usr/share/code/resources/app/extensions/debug-auto-launch/dist/extension
[2020-07-13 08:46:07.794] [exthost] [info] ExtensionService#_doActivateExtension vscode.emmet {"startup":true,"extensionId":{"value":"vscode.emmet","_lower":"vscode.emmet"},"activationEvent":"*"}
[2020-07-13 08:46:07.794] [exthost] [info] ExtensionService#loadCommonJSModule file:///usr/share/code/resources/app/extensions/emmet/dist/extension
[2020-07-13 08:46:07.807] [exthost] [info] ExtensionService#_doActivateExtension vscode.git {"startup":true,"extensionId":{"value":"vscode.github","_lower":"vscode.github"},"activationEvent":"*"}
[2020-07-13 08:46:07.807] [exthost] [info] ExtensionService#loadCommonJSModule file:///usr/share/code/resources/app/extensions/git/dist/main
[2020-07-13 08:46:07.831] [exthost] [info] ExtensionService#_doActivateExtension vscode.github-authentication {"startup":true,"extensionId":{"value":"vscode.github-authentication","_lower":"vscode.github-authentication"},"activationEvent":"*"}
[2020-07-13 08:46:07.831] [exthost] [info] ExtensionService#loadCommonJSModule file:///usr/share/code/resources/app/extensions/github-authentication/dist/extension.js
[2020-07-13 08:46:07.837] [exthost] [info] ExtensionService#_doActivateExtension vscode.merge-conflict {"startup":true,"extensionId":{"value":"vscode.merge-conflict","_lower":"vscode.merge-conflict"},"activationEvent":"*"}
[2020-07-13 08:46:07.837] [exthost] [info] ExtensionService#loadCommonJSModule file:///usr/share/code/resources/app/extensions/merge-conflict/dist/extension
[2020-07-13 08:46:07.840] [exthost] [info] ExtensionService#_doActivateExtension vscode.microsoft-authentication {"startup":true,"extensionId":{"value":"vscode.microsoft-authentication","_lower":"vscode.microsoft-authentication"},"activationEvent":"*"}
[2020-07-13 08:46:07.840] [exthost] [info] ExtensionService#loadCommonJSModule file:///usr/share/code/resources/app/extensions/microsoft-authentication/dist/extension.js
[2020-07-13 08:46:07.854] [exthost] [info] ExtensionService#_doActivateExtension vscode.search-result {"startup":true,"extensionId":{"value":"vscode.search-result","_lower":"vscode.search-result"},"activationEvent":"*"}
[2020-07-13 08:46:07.854] [exthost] [info] ExtensionService#loadCommonJSModule file:///usr/share/code/resources/app/extensions/search-result/dist/extension.js
[2020-07-13 08:46:08.163] [exthost] [info] ExtensionService#_doActivateExtension vscode.github {"startup":true,"extensionId":{"value":"vscode.github","_lower":"vscode.github"},"activationEvent":"*"}
[2020-07-13 08:46:08.165] [exthost] [info] ExtensionService#loadCommonJSModule file:///usr/share/code/resources/app/extensions/github/dist/extension.js
[2020-07-13 08:46:08.178] [exthost] [error] Activating extension vscode.github failed due to an error:
[2020-07-13 08:46:08.182] [exthost] [error] Error: Git model not found
	at e.getAPI (/usr/share/code/resources/app/extensions/git/dist/main.js:53:45613)
	at r.activate (/usr/share/code/resources/app/extensions/github/dist/extension.js:1:6686)
	at Function._callActivateOptional (/usr/share/code/resources/app/out/vs/workbench/services/extensions/node/extensionHostProcess.js:840:509)
	at Function._callActivate (/usr/share/code/resources/app/out/vs/workbench/services/extensions/node/extensionHostProcess.js:840:160)
	at /usr/share/code/resources/app/out/vs/workbench/services/extensions/node/extensionHostProcess.js:838:960
	at processTicksAndRejections (internal/process/task_queues.js:85:5)
	at async Promise.all (index 0)
	at async Promise.all (index 0)
[2020-07-13 08:46:08.228] [exthost] [info] ExtensionService#_doActivateExtension golang.go {"startup":true,"extensionId":{"value":"golang.go","_lower":"golang.go"},"activationEvent":"workspaceContains:**/*.go"}
[2020-07-13 08:46:08.228] [exthost] [info] ExtensionService#loadCommonJSModule file:///home/leo/.vscode/extensions/golang.go-0.15.1/out/src/goMain
[2020-07-13 08:46:08.757] [exthost] [info] eager extensions activated
[2020-07-13 10:37:04.490] [exthost] [error] [golang.go] provider FAILED
[2020-07-13 10:37:04.493] [exthost] [error] Error: name must not be falsy
	at Function.validate (/usr/share/code/resources/app/out/vs/workbench/services/extensions/node/extensionHostProcess.js:447:808)
	at new e (/usr/share/code/resources/app/out/vs/workbench/services/extensions/node/extensionHostProcess.js:447:757)
	at new e (/usr/share/code/resources/app/out/vs/workbench/services/extensions/node/extensionHostProcess.js:434:44)
	at /home/leo/.vscode/extensions/golang.go-0.15.1/out/src/goOutline.js:119:28
	at Array.forEach (<anonymous>)
	at convertToCodeSymbols (/home/leo/.vscode/extensions/golang.go-0.15.1/out/src/goOutline.js:97:19)
	at /home/leo/.vscode/extensions/golang.go-0.15.1/out/src/goOutline.js:31:16
	at Generator.next (<anonymous>)
	at fulfilled (/home/leo/.vscode/extensions/golang.go-0.15.1/out/src/goOutline.js:9:58)
	at runMicrotasks (<anonymous>)
	at processTicksAndRejections (internal/process/task_queues.js:85:5)
[2020-07-13 10:37:05.999] [exthost] [error] [golang.go] provider FAILED
[2020-07-13 10:37:06.000] [exthost] [error] Error: name must not be falsy
	at Function.validate (/usr/share/code/resources/app/out/vs/workbench/services/extensions/node/extensionHostProcess.js:447:808)
	at new e (/usr/share/code/resources/app/out/vs/workbench/services/extensions/node/extensionHostProcess.js:447:757)
	at new e (/usr/share/code/resources/app/out/vs/workbench/services/extensions/node/extensionHostProcess.js:434:44)
	at /home/leo/.vscode/extensions/golang.go-0.15.1/out/src/goOutline.js:119:28
	at Array.forEach (<anonymous>)
	at convertToCodeSymbols (/home/leo/.vscode/extensions/golang.go-0.15.1/out/src/goOutline.js:97:19)
	at /home/leo/.vscode/extensions/golang.go-0.15.1/out/src/goOutline.js:31:16
	at Generator.next (<anonymous>)
	at fulfilled (/home/leo/.vscode/extensions/golang.go-0.15.1/out/src/goOutline.js:9:58)
	at runMicrotasks (<anonymous>)
	at processTicksAndRejections (internal/process/task_queues.js:85:5)
[2020-07-13 14:22:59.365] [exthost] [error] [golang.go] provider FAILED
[2020-07-13 14:22:59.367] [exthost] [error] Error: name must not be falsy
	at Function.validate (/usr/share/code/resources/app/out/vs/workbench/services/extensions/node/extensionHostProcess.js:447:808)
	at new e (/usr/share/code/resources/app/out/vs/workbench/services/extensions/node/extensionHostProcess.js:447:757)
	at new e (/usr/share/code/resources/app/out/vs/workbench/services/extensions/node/extensionHostProcess.js:434:44)
	at /home/leo/.vscode/extensions/golang.go-0.15.1/out/src/goOutline.js:119:28
	at Array.forEach (<anonymous>)
	at convertToCodeSymbols (/home/leo/.vscode/extensions/golang.go-0.15.1/out/src/goOutline.js:97:19)
	at /home/leo/.vscode/extensions/golang.go-0.15.1/out/src/goOutline.js:31:16
	at Generator.next (<anonymous>)
	at fulfilled (/home/leo/.vscode/extensions/golang.go-0.15.1/out/src/goOutline.js:9:58)
	at runMicrotasks (<anonymous>)
	at processTicksAndRejections (internal/process/task_queues.js:85:5)
[2020-07-13 14:39:53.243] [exthost] [error] [golang.go] provider FAILED
[2020-07-13 14:39:53.243] [exthost] [error] Error: name must not be falsy
	at Function.validate (/usr/share/code/resources/app/out/vs/workbench/services/extensions/node/extensionHostProcess.js:447:808)
	at new e (/usr/share/code/resources/app/out/vs/workbench/services/extensions/node/extensionHostProcess.js:447:757)
	at new e (/usr/share/code/resources/app/out/vs/workbench/services/extensions/node/extensionHostProcess.js:434:44)
	at /home/leo/.vscode/extensions/golang.go-0.15.1/out/src/goOutline.js:119:28
	at Array.forEach (<anonymous>)
	at convertToCodeSymbols (/home/leo/.vscode/extensions/golang.go-0.15.1/out/src/goOutline.js:97:19)
	at /home/leo/.vscode/extensions/golang.go-0.15.1/out/src/goOutline.js:31:16
	at Generator.next (<anonymous>)
	at fulfilled (/home/leo/.vscode/extensions/golang.go-0.15.1/out/src/goOutline.js:9:58)
	at runMicrotasks (<anonymous>)
	at processTicksAndRejections (internal/process/task_queues.js:85:5)
[2020-07-13 14:39:55.190] [exthost] [error] [golang.go] provider FAILED
[2020-07-13 14:39:55.190] [exthost] [error] Error: name must not be falsy
	at Function.validate (/usr/share/code/resources/app/out/vs/workbench/services/extensions/node/extensionHostProcess.js:447:808)
	at new e (/usr/share/code/resources/app/out/vs/workbench/services/extensions/node/extensionHostProcess.js:447:757)
	at new e (/usr/share/code/resources/app/out/vs/workbench/services/extensions/node/extensionHostProcess.js:434:44)
	at /home/leo/.vscode/extensions/golang.go-0.15.1/out/src/goOutline.js:119:28
	at Array.forEach (<anonymous>)
	at convertToCodeSymbols (/home/leo/.vscode/extensions/golang.go-0.15.1/out/src/goOutline.js:97:19)
	at /home/leo/.vscode/extensions/golang.go-0.15.1/out/src/goOutline.js:31:16
	at Generator.next (<anonymous>)
	at fulfilled (/home/leo/.vscode/extensions/golang.go-0.15.1/out/src/goOutline.js:9:58)
	at runMicrotasks (<anonymous>)
	at processTicksAndRejections (internal/process/task_queues.js:85:5)
[2020-07-13 16:37:38.667] [exthost] [error] [golang.go] provider FAILED
[2020-07-13 16:37:38.667] [exthost] [error] Check the console in dev tools to find errors when formatting.
