[2020-07-16 09:48:48.968] [renderer1] [warning] Check the console in dev tools to find errors when formatting.
[2020-07-16 09:48:58.577] [renderer1] [warning] Check the console in dev tools to find errors when formatting.
[2020-07-16 09:49:15.098] [renderer1] [warning] Check the console in dev tools to find errors when formatting.
[2020-07-16 09:49:16.199] [renderer1] [warning] Check the console in dev tools to find errors when formatting.
[2020-07-16 09:50:19.214] [renderer1] [warning] Check the console in dev tools to find errors when formatting.
[2020-07-16 11:06:54.813] [renderer1] [error] name must not be falsy: Error: name must not be falsy
	at Function.validate (/usr/share/code/resources/app/out/vs/workbench/services/extensions/node/extensionHostProcess.js:442:377)
	at new C (/usr/share/code/resources/app/out/vs/workbench/services/extensions/node/extensionHostProcess.js:442:326)
	at new C (/usr/share/code/resources/app/out/vs/workbench/services/extensions/node/extensionHostProcess.js:429:327)
	at /home/leo/.vscode/extensions/golang.go-0.15.1/out/src/goOutline.js:119:28
	at Array.forEach (<anonymous>)
	at convertToCodeSymbols (/home/leo/.vscode/extensions/golang.go-0.15.1/out/src/goOutline.js:97:19)
	at /home/leo/.vscode/extensions/golang.go-0.15.1/out/src/goOutline.js:31:16
	at Generator.next (<anonymous>)
	at fulfilled (/home/leo/.vscode/extensions/golang.go-0.15.1/out/src/goOutline.js:9:58)
[2020-07-16 11:07:06.402] [renderer1] [error] name must not be falsy: Error: name must not be falsy
	at Function.validate (/usr/share/code/resources/app/out/vs/workbench/services/extensions/node/extensionHostProcess.js:442:377)
	at new C (/usr/share/code/resources/app/out/vs/workbench/services/extensions/node/extensionHostProcess.js:442:326)
	at new C (/usr/share/code/resources/app/out/vs/workbench/services/extensions/node/extensionHostProcess.js:429:327)
	at /home/leo/.vscode/extensions/golang.go-0.15.1/out/src/goOutline.js:119:28
	at Array.forEach (<anonymous>)
	at convertToCodeSymbols (/home/leo/.vscode/extensions/golang.go-0.15.1/out/src/goOutline.js:97:19)
	at /home/leo/.vscode/extensions/golang.go-0.15.1/out/src/goOutline.js:31:16
	at Generator.next (<anonymous>)
	at fulfilled (/home/leo/.vscode/extensions/golang.go-0.15.1/out/src/goOutline.js:9:58)
	at runMicrotasks (<anonymous>)
	at processTicksAndRejections (internal/process/task_queues.js:85:5)
[2020-07-16 11:07:09.214] [renderer1] [error] name must not be falsy: Error: name must not be falsy
	at Function.validate (/usr/share/code/resources/app/out/vs/workbench/services/extensions/node/extensionHostProcess.js:442:377)
	at new C (/usr/share/code/resources/app/out/vs/workbench/services/extensions/node/extensionHostProcess.js:442:326)
	at new C (/usr/share/code/resources/app/out/vs/workbench/services/extensions/node/extensionHostProcess.js:429:327)
	at /home/leo/.vscode/extensions/golang.go-0.15.1/out/src/goOutline.js:119:28
	at Array.forEach (<anonymous>)
	at convertToCodeSymbols (/home/leo/.vscode/extensions/golang.go-0.15.1/out/src/goOutline.js:97:19)
	at /home/leo/.vscode/extensions/golang.go-0.15.1/out/src/goOutline.js:31:16
	at Generator.next (<anonymous>)
	at fulfilled (/home/leo/.vscode/extensions/golang.go-0.15.1/out/src/goOutline.js:9:58)
[2020-07-16 11:54:05.266] [renderer1] [warning] Check the console in dev tools to find errors when formatting.
