Starting linting the current package at /home/leo/Work/exercise4
Starting building the current package at /home/leo/Work/exercise4
Not able to determine import path of current package by using cwd: /home/leo/Work/exercise4 and Go workspace: 
Starting "go vet" under the folder /home/leo/Work/exercise4
/home/leo/Work/exercise4>Finished running tool: /snap/bin/go build -o /tmp/vscode-goiIvuQU/go-code-check .
/home/leo/Work/exercise4/main.go:1: expected 'package', found 'EOF'

/home/leo/Work/exercise4>Finished running tool: /snap/bin/go vet .
/home/leo/Work/exercise4/main.go:1: expected 'package', found 'EOF'

Tools environment: GOPATH=/home/leo/go
Installing 17 tools at /home/leo/go/bin in module mode.
  gocode
  gopkgs
  go-outline
  go-symbols
  guru
  gorename
  gotests
  gomodifytags
  impl
  fillstruct
  goplay
  godoctor
  dlv
  gocode-gomod
  godef
  goreturns
  golint

Tools environment: GOPATH=/home/leo/go
Installing 1 tool at /home/leo/go/bin in module mode.
  gopls

Tools environment: GOPATH=/home/leo/go
Installing 17 tools at /home/leo/go/bin in module mode.
  gocode
  gopkgs
  go-outline
  go-symbols
  guru
  gorename
  gotests
  gomodifytags
  impl
  fillstruct
  goplay
  godoctor
  dlv
  gocode-gomod
  godef
  goimports
  golint

Installing github.com/mdempsky/gocode SUCCEEDED
Installing github.com/mdempsky/gocode SUCCEEDED
Installing github.com/uudashr/gopkgs/v2/cmd/gopkgs SUCCEEDED
Installing github.com/uudashr/gopkgs/v2/cmd/gopkgs SUCCEEDED
Installing golang.org/x/tools/gopls SUCCEEDED

All tools successfully installed. You are ready to Go :).
Installing github.com/ramya-rao-a/go-outline SUCCEEDED
Installing github.com/ramya-rao-a/go-outline SUCCEEDED
Installing github.com/acroca/go-symbols SUCCEEDED
Installing github.com/acroca/go-symbols SUCCEEDED
Installing golang.org/x/tools/cmd/guru SUCCEEDED
Installing golang.org/x/tools/cmd/gorename SUCCEEDED
Installing golang.org/x/tools/cmd/guru SUCCEEDED
Installing golang.org/x/tools/cmd/gorename SUCCEEDED
Installing github.com/cweill/gotests/... SUCCEEDED
Installing github.com/cweill/gotests/... SUCCEEDED
Installing github.com/fatih/gomodifytags SUCCEEDED
Installing github.com/fatih/gomodifytags SUCCEEDED
Installing github.com/josharian/impl SUCCEEDED
Installing github.com/josharian/impl SUCCEEDED
Installing github.com/davidrjenni/reftools/cmd/fillstruct SUCCEEDED
Installing github.com/davidrjenni/reftools/cmd/fillstruct SUCCEEDED
Installing github.com/haya14busa/goplay/cmd/goplay SUCCEEDED
Installing github.com/haya14busa/goplay/cmd/goplay SUCCEEDED
Installing github.com/godoctor/godoctor SUCCEEDED
Installing github.com/godoctor/godoctor SUCCEEDED
Installing github.com/go-delve/delve/cmd/dlv SUCCEEDED
Installing github.com/go-delve/delve/cmd/dlv SUCCEEDED
Installing github.com/stamblerre/gocode SUCCEEDED
Installing github.com/stamblerre/gocode SUCCEEDED
Installing github.com/rogpeppe/godef SUCCEEDED
Installing github.com/rogpeppe/godef SUCCEEDED
Installing golang.org/x/tools/cmd/goimports SUCCEEDED
Installing github.com/sqs/goreturns SUCCEEDED
Installing golang.org/x/lint/golint SUCCEEDED

All tools successfully installed. You are ready to Go :).
Installing golang.org/x/lint/golint SUCCEEDED

All tools successfully installed. You are ready to Go :).
Starting linting the current package at /home/leo/Work/exercise4
Starting building the current package at /home/leo/Work/exercise4
Not able to determine import path of current package by using cwd: /home/leo/Work/exercise4 and Go workspace: 
Starting "go vet" under the folder /home/leo/Work/exercise4
/home/leo/Work/exercise4>Finished running tool: /home/leo/go/bin/golint

/home/leo/Work/exercise4>Finished running tool: /snap/bin/go build -o /tmp/vscode-goiIvuQU/go-code-check .

/home/leo/Work/exercise4>Finished running tool: /snap/bin/go vet .

